<?xml version="1.0" encoding="UTF-8"?>
<testng-results skipped="0" failed="0" ignored="0" total="1" passed="1">
  <reporter-output>
  </reporter-output>
  <suite name="Default suite" duration-ms="2245" started-at="2018-06-20T22:28:02Z" finished-at="2018-06-20T22:28:04Z">
    <groups>
    </groups>
    <test name="Default test" duration-ms="2245" started-at="2018-06-20T22:28:02Z" finished-at="2018-06-20T22:28:04Z">
      <class name="ru.podstavkov.TestContextAnnotation">
        <test-method status="PASS" signature="test()[pri:0, instance:ru.podstavkov.TestContextAnnotation@58c1c010]" name="test" duration-ms="2225" started-at="2018-06-20T22:28:02Z" finished-at="2018-06-20T22:28:04Z">
          <reporter-output>
          </reporter-output>
        </test-method> <!-- test -->
      </class> <!-- ru.podstavkov.TestContextAnnotation -->
    </test> <!-- Default test -->
  </suite> <!-- Default suite -->
</testng-results>
