<?xml version="1.0" encoding="UTF-8"?>
<testng-results skipped="0" failed="0" ignored="0" total="1" passed="1">
  <reporter-output>
  </reporter-output>
  <suite name="Default suite" duration-ms="389" started-at="2018-06-28T22:23:05Z" finished-at="2018-06-28T22:23:06Z">
    <groups>
    </groups>
    <test name="Default test" duration-ms="389" started-at="2018-06-28T22:23:05Z" finished-at="2018-06-28T22:23:06Z">
      <class name="ru.podstavkov.test.TestContextAnnotation">
        <test-method status="PASS" signature="test()[pri:0, instance:ru.podstavkov.test.TestContextAnnotation@58ec7116]" name="test" duration-ms="371" started-at="2018-06-28T22:23:05Z" finished-at="2018-06-28T22:23:06Z">
          <reporter-output>
          </reporter-output>
        </test-method> <!-- test -->
      </class> <!-- ru.podstavkov.test.TestContextAnnotation -->
    </test> <!-- Default test -->
  </suite> <!-- Default suite -->
</testng-results>
