<?xml version="1.0" encoding="UTF-8"?>
<testng-results skipped="0" failed="0" ignored="0" total="1" passed="1">
  <reporter-output>
  </reporter-output>
  <suite name="Default suite" duration-ms="2210" started-at="2018-06-25T20:22:19Z" finished-at="2018-06-25T20:22:21Z">
    <groups>
    </groups>
    <test name="Default test" duration-ms="2210" started-at="2018-06-25T20:22:19Z" finished-at="2018-06-25T20:22:21Z">
      <class name="ru.podstavkov.TestContextAnnotation">
        <test-method status="PASS" signature="test()[pri:0, instance:ru.podstavkov.TestContextAnnotation@f0f2775]" name="test" duration-ms="2191" started-at="2018-06-25T20:22:19Z" finished-at="2018-06-25T20:22:21Z">
          <reporter-output>
          </reporter-output>
        </test-method> <!-- test -->
      </class> <!-- ru.podstavkov.TestContextAnnotation -->
    </test> <!-- Default test -->
  </suite> <!-- Default suite -->
</testng-results>
