<?xml version="1.0" encoding="UTF-8"?>
<testng-results skipped="0" failed="0" ignored="0" total="1" passed="1">
  <reporter-output>
  </reporter-output>
  <suite name="Default suite" duration-ms="467" started-at="2018-06-01T12:55:03Z" finished-at="2018-06-01T12:55:03Z">
    <groups>
    </groups>
    <test name="Default test" duration-ms="467" started-at="2018-06-01T12:55:03Z" finished-at="2018-06-01T12:55:03Z">
      <class name="ru.podstavkov.spring1.TestContextXml">
        <test-method status="PASS" signature="test()[pri:0, instance:ru.podstavkov.spring1.TestContextXml@c038203]" name="test" duration-ms="444" started-at="2018-06-01T12:55:03Z" finished-at="2018-06-01T12:55:03Z">
          <reporter-output>
          </reporter-output>
        </test-method> <!-- test -->
      </class> <!-- ru.podstavkov.spring1.TestContextXml -->
    </test> <!-- Default test -->
  </suite> <!-- Default suite -->
</testng-results>
